<?xml version="1.0" encoding="UTF-8"?>
<!-- Generated by org.testng.reporters.JUnitXMLReporter -->
<testsuite hostname="PXL201401134" name="ASIGNACIONES_SMOKE" tests="4" failures="0" timestamp="18 Aug 2015 16:33:29 GMT" time="85.148" errors="0">
  <testcase name="signOn" time="11.421" classname="com.praxis.siho.test.smoke.ModuloAsignacionesSmokeTest"/>
  <testcase name="casoAgregarEstatusAsignacion" time="4.894" classname="com.praxis.siho.test.smoke.ModuloAsignacionesSmokeTest"/>
  <testcase name="casoEditarEstatusAsignacion" time="17.777" classname="com.praxis.siho.test.smoke.ModuloAsignacionesSmokeTest"/>
  <testcase name="casoBorrarEstatusAsignacion" time="49.176" classname="com.praxis.siho.test.smoke.ModuloAsignacionesSmokeTest"/>
</testsuite>
